<?xml version="1.0" encoding="utf-8"?><testsuites name="pytest tests"><testsuite name="pytest" errors="0" failures="0" skipped="0" tests="9" time="8.584" timestamp="2026-05-07T03:15:53.783937+00:00" hostname="agent-env-cbd2c7fd-2c7d-4801-924d-da4e64cf8ef5"><testcase classname="backend.tests.test_simulator_api.TestHealth" name="test_root" time="0.224" /><testcase classname="backend.tests.test_simulator_api.TestNifty50" name="test_list_nifty50" time="0.069" /><testcase classname="backend.tests.test_simulator_api.TestSimulate" name="test_default_simulate_shape" time="5.818" /><testcase classname="backend.tests.test_simulator_api.TestSimulate" name="test_run_id_is_uuid" time="0.000" /><testcase classname="backend.tests.test_simulator_api.TestSimulate" name="test_custom_params" time="1.031" /><testcase classname="backend.tests.test_simulator_api.TestSimulate" name="test_sectors_filter" time="1.103" /><testcase classname="backend.tests.test_simulator_api.TestSimulate" name="test_dip_validation" time="0.085" /><testcase classname="backend.tests.test_simulator_api.TestSimulate" name="test_capital_below_min" time="0.089" /><testcase classname="backend.tests.test_simulator_api.TestSimulationsList" name="test_list_simulations" time="0.101" /></testsuite></testsuites>