<?xml version="1.0" encoding="utf-8"?><testsuites name="pytest tests"><testsuite name="pytest" errors="0" failures="1" skipped="0" tests="17" time="125.511" timestamp="2026-05-07T03:36:35.994352+00:00" hostname="agent-env-cbd2c7fd-2c7d-4801-924d-da4e64cf8ef5"><testcase classname="tests.test_simulator_v2.TestUniverses" name="test_list_universes" time="0.270" /><testcase classname="tests.test_simulator_v2.TestUniverses" name="test_universe_nifty200" time="0.059" /><testcase classname="tests.test_simulator_v2.TestUniverses" name="test_universe_nifty100" time="0.063" /><testcase classname="tests.test_simulator_v2.TestUniverses" name="test_universe_invalid" time="0.055" /><testcase classname="tests.test_simulator_v2.TestUniverses" name="test_nifty50_backward_compat" time="0.057" /><testcase classname="tests.test_simulator_v2.TestSimulateV2" name="test_daily_drop_default_payload" time="43.954" /><testcase classname="tests.test_simulator_v2.TestSimulateV2" name="test_peak_dip_legacy" time="11.610" /><testcase classname="tests.test_simulator_v2.TestSimulateV2" name="test_weekly_drop" time="11.247" /><testcase classname="tests.test_simulator_v2.TestSimulateV2" name="test_consecutive_down" time="2.045" /><testcase classname="tests.test_simulator_v2.TestSimulateV2" name="test_invalid_strategy_type" time="0.063" /><testcase classname="tests.test_simulator_v2.TestSimulateV2" name="test_invalid_universe" time="0.060" /><testcase classname="tests.test_simulator_v2.TestSimulateV2" name="test_daily_drop_min_ge_max" time="0.057" /><testcase classname="tests.test_simulator_v2.TestSimulateV2" name="test_sectors_filter_nifty200" time="43.829" /><testcase classname="tests.test_simulator_v2.TestCompare" name="test_compare_three_strategies" time="9.813"><failure message="AssertionError: assert ('sim_start' in {'capital': 500000.0, 'results': [{'equity_curve': [{'cash': 450414.96, 'date': '2026-04-17', 'equity': 500000.0, 'invested': 49585.04, ...}, {'cash': 376476.21, 'date': '2026-04-20', 'equity': 499507.52, 'invested': 123031.31, ...}, {'cash': 351625.41, 'date': '2026-04-21', 'equity': 499761.38, 'invested': 148135.97, ...}, {'cash': 211587.11, 'date': '2026-04-22', 'equity': 499402.96, 'invested': 287815.85, ...}, {'cash': 6087.85, 'date': '2026-04-23', 'equity': 494936.18, 'invested': 488848.33, ...}, {'cash': 4653.6, 'date': '2026-04-24', 'equity': 487844.97, 'invested': 483191.37, ...}, ...], 'error': None, 'kpis': {'avg_holding_days': 3.75, 'closed_trades': 48, 'exits_stoploss': 3, 'exits_target': 4, ...}, 'label': 'Daily 2-4%', ...}, {'equity_curve': [{'cash': 377713.1, 'date': '2026-04-17', 'equity': 500000.0, 'invested': 122286.9, ...}, {'cash': 328061.35, 'date': '2026-04-20', 'equity': 499366.05, 'invested': 171304.7, ...}, {'cash': 302943.1, 'date': '2026-04-21', 'equity': 500038.4, 'invested': 197095.3, ...}, {'cash': 232860.59, 'date': '2026-04-22', 'equity': 498867.42, 'invested': 266006.83, ...}, {'cash': 30779.74, 'date': '2026-04-23', 'equity': 500311.11, 'invested': 469531.37, ...}, {'cash': 2444.74, 'date': '2026-04-24', 'equity': 490486.6, 'invested': 488041.86, ...}, ...], 'error': None, 'kpis': {'avg_holding_days': 6.22, 'closed_trades': 9, 'exits_stoploss': 3, 'exits_target': 6, ...}, 'label': 'Peak Dip 5-15', ...}, {'equity_curve': [{'cash': 475265.0, 'date': '2026-04-17', 'equity': 500000.0, 'invested': 24735.0, ...}, {'cash': 475265.0, 'date': '2026-04-20', 'equity': 499613.0, 'invested': 24348.0, ...}, {'cash': 475265.0, 'date': '2026-04-21', 'equity': 500150.0, 'invested': 24885.0, ...}, {'cash': 426537.0, 'date': '2026-04-22', 'equity': 499754.0, 'invested': 73217.0, ...}, {'cash': 303976.7, 'date': '2026-04-23', 'equity': 499182.05, 'invested': 195205.35, ...}, {'cash': 131346.25, 'date': '2026-04-24', 'equity': 494410.3, 'invested': 363064.05, ...}, ...], 'error': None, 'kpis': {'avg_holding_days': 5.2, 'closed_trades': 5, 'exits_stoploss': 1, 'exits_target': 4, ...}, 'label': 'Weekly 5-12', ...}], 'universe': 'nifty100', 'weeks': 3})">tests/test_simulator_v2.py:202: in test_compare_three_strategies
    assert "sim_start" in d and "sim_end" in d
E   AssertionError: assert ('sim_start' in {'capital': 500000.0, 'results': [{'equity_curve': [{'cash': 450414.96, 'date': '2026-04-17', 'equity': 500000.0, 'invested': 49585.04, ...}, {'cash': 376476.21, 'date': '2026-04-20', 'equity': 499507.52, 'invested': 123031.31, ...}, {'cash': 351625.41, 'date': '2026-04-21', 'equity': 499761.38, 'invested': 148135.97, ...}, {'cash': 211587.11, 'date': '2026-04-22', 'equity': 499402.96, 'invested': 287815.85, ...}, {'cash': 6087.85, 'date': '2026-04-23', 'equity': 494936.18, 'invested': 488848.33, ...}, {'cash': 4653.6, 'date': '2026-04-24', 'equity': 487844.97, 'invested': 483191.37, ...}, ...], 'error': None, 'kpis': {'avg_holding_days': 3.75, 'closed_trades': 48, 'exits_stoploss': 3, 'exits_target': 4, ...}, 'label': 'Daily 2-4%', ...}, {'equity_curve': [{'cash': 377713.1, 'date': '2026-04-17', 'equity': 500000.0, 'invested': 122286.9, ...}, {'cash': 328061.35, 'date': '2026-04-20', 'equity': 499366.05, 'invested': 171304.7, ...}, {'cash': 302943.1, 'date': '2026-04-21', 'equity': 500038.4, 'invested': 197095.3, ...}, {'cash': 232860.59, 'date': '2026-04-22', 'equity': 498867.42, 'invested': 266006.83, ...}, {'cash': 30779.74, 'date': '2026-04-23', 'equity': 500311.11, 'invested': 469531.37, ...}, {'cash': 2444.74, 'date': '2026-04-24', 'equity': 490486.6, 'invested': 488041.86, ...}, ...], 'error': None, 'kpis': {'avg_holding_days': 6.22, 'closed_trades': 9, 'exits_stoploss': 3, 'exits_target': 6, ...}, 'label': 'Peak Dip 5-15', ...}, {'equity_curve': [{'cash': 475265.0, 'date': '2026-04-17', 'equity': 500000.0, 'invested': 24735.0, ...}, {'cash': 475265.0, 'date': '2026-04-20', 'equity': 499613.0, 'invested': 24348.0, ...}, {'cash': 475265.0, 'date': '2026-04-21', 'equity': 500150.0, 'invested': 24885.0, ...}, {'cash': 426537.0, 'date': '2026-04-22', 'equity': 499754.0, 'invested': 73217.0, ...}, {'cash': 303976.7, 'date': '2026-04-23', 'equity': 499182.05, 'invested': 195205.35, ...}, {'cash': 131346.25, 'date': '2026-04-24', 'equity': 494410.3, 'invested': 363064.05, ...}, ...], 'error': None, 'kpis': {'avg_holding_days': 5.2, 'closed_trades': 5, 'exits_stoploss': 1, 'exits_target': 4, ...}, 'label': 'Weekly 5-12', ...}], 'universe': 'nifty100', 'weeks': 3})</failure></testcase><testcase classname="tests.test_simulator_v2.TestCompare" name="test_compare_five_strategies" time="2.090" /><testcase classname="tests.test_simulator_v2.TestCompare" name="test_compare_six_strategies_rejected" time="0.060" /><testcase classname="tests.test_simulator_v2.TestCompare" name="test_compare_empty_rejected" time="0.058" /></testsuite></testsuites>