<?xml version="1.0" encoding="utf-8"?><testsuites name="pytest tests"><testsuite name="pytest" errors="0" failures="0" skipped="0" tests="20" time="40.805" timestamp="2026-05-07T04:18:37.291770+00:00" hostname="agent-env-cbd2c7fd-2c7d-4801-924d-da4e64cf8ef5"><testcase classname="backend.tests.test_upstox_and_costs.TestCostModel" name="test_simulate_returns_cost_kpis" time="1.470" /><testcase classname="backend.tests.test_upstox_and_costs.TestCostModel" name="test_simulate_zero_costs" time="1.123" /><testcase classname="backend.tests.test_upstox_and_costs.TestCostModel" name="test_simulate_high_costs_lower_net" time="36.603" /><testcase classname="backend.tests.test_upstox_and_costs.TestUpstoxStatusAndAuth" name="test_status_when_disconnected" time="0.065" /><testcase classname="backend.tests.test_upstox_and_costs.TestUpstoxStatusAndAuth" name="test_auth_url_generation" time="0.060" /><testcase classname="backend.tests.test_upstox_and_costs.TestUpstoxInstruments" name="test_instrument_lookup_reliance" time="0.057" /><testcase classname="backend.tests.test_upstox_and_costs.TestUpstoxInstruments" name="test_instrument_lookup_invalid" time="0.055" /><testcase classname="backend.tests.test_upstox_and_costs.TestUpstoxInstruments" name="test_instrument_refresh" time="0.491" /><testcase classname="backend.tests.test_upstox_and_costs.TestUpstoxProtected401" name="test_get_endpoints_401[/upstox/funds]" time="0.058" /><testcase classname="backend.tests.test_upstox_and_costs.TestUpstoxProtected401" name="test_get_endpoints_401[/upstox/holdings]" time="0.056" /><testcase classname="backend.tests.test_upstox_and_costs.TestUpstoxProtected401" name="test_get_endpoints_401[/upstox/positions]" time="0.056" /><testcase classname="backend.tests.test_upstox_and_costs.TestUpstoxProtected401" name="test_get_endpoints_401[/upstox/orders]" time="0.057" /><testcase classname="backend.tests.test_upstox_and_costs.TestUpstoxProtected401" name="test_place_order_401" time="0.070" /><testcase classname="backend.tests.test_upstox_and_costs.TestUpstoxProtected401" name="test_quote_401" time="0.060" /><testcase classname="backend.tests.test_upstox_and_costs.TestUpstoxOrderValidation" name="test_invalid_transaction_type" time="0.055" /><testcase classname="backend.tests.test_upstox_and_costs.TestUpstoxOrderValidation" name="test_invalid_product" time="0.056" /><testcase classname="backend.tests.test_upstox_and_costs.TestUpstoxOrderValidation" name="test_zero_quantity" time="0.089" /><testcase classname="backend.tests.test_upstox_and_costs.TestUpstoxCallback" name="test_callback_with_error" time="0.060" /><testcase classname="backend.tests.test_upstox_and_costs.TestUpstoxCallback" name="test_callback_without_code" time="0.057" /><testcase classname="backend.tests.test_upstox_and_costs.TestUpstoxDisconnect" name="test_disconnect_idempotent" time="0.114" /></testsuite></testsuites>