<?xml version="1.0" encoding="utf-8"?><testsuites name="pytest tests"><testsuite name="pytest" errors="0" failures="0" skipped="0" tests="6" time="42.472" timestamp="2026-05-07T06:08:05.402465+00:00" hostname="agent-env-cbd2c7fd-2c7d-4801-924d-da4e64cf8ef5"><testcase classname="backend.tests.test_v4_features.TestScanMaxPrice" name="test_scan_max_price_500" time="2.343" /><testcase classname="backend.tests.test_v4_features.TestScanMaxPrice" name="test_scan_max_price_zero_no_filter" time="1.782" /><testcase classname="backend.tests.test_v4_features.TestFeesDashboard" name="test_fees_schema_and_totals" time="0.355" /><testcase classname="backend.tests.test_v4_features.TestRearmExits" name="test_rearm_exits_schema" time="0.382" /><testcase classname="backend.tests.test_v4_features.TestDiagnostic" name="test_diagnostic" time="0.157" /><testcase classname="backend.tests.test_v4_features.TestAutoStrategyBodyValidation" name="test_auto_accepts_max_price_no_422" time="37.382" /></testsuite></testsuites>