<?xml version="1.0" encoding="utf-8"?><testsuites name="pytest tests"><testsuite name="pytest" errors="0" failures="0" skipped="1" tests="4" time="6.474" timestamp="2026-05-07T07:43:00.871581+00:00" hostname="agent-env-cbd2c7fd-2c7d-4801-924d-da4e64cf8ef5"><testcase classname="backend.tests.test_v5_thresholds" name="test_status_connected" time="0.568" /><testcase classname="backend.tests.test_v5_thresholds" name="test_openapi_defaults" time="0.058"><skipped type="pytest.skip" message="openapi.json not reachable via ingress (status=200); defaults verified via auto-strategy echo test instead">/app/backend/tests/test_v5_thresholds.py:30: openapi.json not reachable via ingress (status=200); defaults verified via auto-strategy echo test instead</skipped></testcase><testcase classname="backend.tests.test_v5_thresholds" name="test_swing_positions_schema" time="0.059" /><testcase classname="backend.tests.test_v5_thresholds" name="test_auto_strategy_omitted_target_stop" time="5.720" /></testsuite></testsuites>